[0627/054216.484:ERROR:process_memory_win.cc(73)] ReadMemory at 0x7ff7c6090000 of 64 bytes failed: Only part of a ReadProcessMemory or WriteProcessMemory request was completed. (0x12B)
[0627/054216.509:WARNING:pe_image_reader.cc(340)] could not read dos header from C:\Program Files (x86)\Google\Chrome\Application\chrome.exe
[0627/054216.509:ERROR:process_memory_win.cc(73)] ReadMemory at 0x7ffb08090000 of 64 bytes failed: Only part of a ReadProcessMemory or WriteProcessMemory request was completed. (0x12B)
[0627/054216.509:WARNING:pe_image_reader.cc(340)] could not read dos header from C:\Program Files (x86)\Google\Chrome\Application\83.0.4103.116\chrome_elf.dll
[0627/054216.510:ERROR:process_memory_win.cc(73)] ReadMemory at 0x1c6a4830000 of 64 bytes failed: Only part of a ReadProcessMemory or WriteProcessMemory request was completed. (0x12B)
[0627/054216.510:WARNING:pe_image_reader.cc(340)] could not read dos header from C:\windows\System32\ADVAPI32.dll
[0627/054216.511:ERROR:process_memory_win.cc(73)] ReadMemory at 0x74740000 of 64 bytes failed: Only part of a ReadProcessMemory or WriteProcessMemory request was completed. (0x12B)
[0627/054216.511:WARNING:pe_image_reader.cc(340)] could not read dos header from C:\windows\system32\tmumh\20019\TmMon\2.8.0.1041\tmmon64.dll
[0627/054216.511:ERROR:process_memory_win.cc(73)] ReadMemory at 0x7ffaaaa00000 of 64 bytes failed: Only part of a ReadProcessMemory or WriteProcessMemory request was completed. (0x12B)
[0627/054216.511:WARNING:pe_image_reader.cc(340)] could not read dos header from C:\Program Files (x86)\Google\Chrome\Application\83.0.4103.116\chrome.dll
[0627/054216.512:ERROR:process_memory_win.cc(73)] ReadMemory at 0x7ffadff30000 of 64 bytes failed: Only part of a ReadProcessMemory or WriteProcessMemory request was completed. (0x12B)
[0627/054216.512:WARNING:pe_image_reader.cc(340)] could not read dos header from C:\windows\SYSTEM32\UIAutomationCore.DLL
[0627/054216.512:ERROR:process_memory_win.cc(73)] ReadMemory at 0x7ffaf3a20000 of 64 bytes failed: Only part of a ReadProcessMemory or WriteProcessMemory request was completed. (0x12B)
[0627/054216.512:WARNING:pe_image_reader.cc(340)] could not read dos header from C:\windows\SYSTEM32\WINSPOOL.DRV
[0627/054216.520:ERROR:process_memory_win.cc(73)] ReadMemory at 0x7ff7c6090000 of 64 bytes failed: Only part of a ReadProcessMemory or WriteProcessMemory request was completed. (0x12B)
[0627/054216.520:WARNING:pe_image_reader.cc(340)] could not read dos header from C:\Program Files (x86)\Google\Chrome\Application\chrome.exe
[0627/054216.520:ERROR:process_memory_win.cc(73)] ReadMemory at 0x7ffb08090000 of 64 bytes failed: Only part of a ReadProcessMemory or WriteProcessMemory request was completed. (0x12B)
[0627/054216.520:WARNING:pe_image_reader.cc(340)] could not read dos header from C:\Program Files (x86)\Google\Chrome\Application\83.0.4103.116\chrome_elf.dll
[0627/054216.520:ERROR:process_memory_win.cc(73)] ReadMemory at 0x1c6a4830000 of 64 bytes failed: Only part of a ReadProcessMemory or WriteProcessMemory request was completed. (0x12B)
[0627/054216.520:WARNING:pe_image_reader.cc(340)] could not read dos header from C:\windows\System32\ADVAPI32.dll
[0627/054216.521:ERROR:process_memory_win.cc(73)] ReadMemory at 0x74740000 of 64 bytes failed: Only part of a ReadProcessMemory or WriteProcessMemory request was completed. (0x12B)
[0627/054216.521:WARNING:pe_image_reader.cc(340)] could not read dos header from C:\windows\system32\tmumh\20019\TmMon\2.8.0.1041\tmmon64.dll
[0627/054216.521:ERROR:process_memory_win.cc(73)] ReadMemory at 0x7ffaaaa00000 of 64 bytes failed: Only part of a ReadProcessMemory or WriteProcessMemory request was completed. (0x12B)
[0627/054216.521:WARNING:pe_image_reader.cc(340)] could not read dos header from C:\Program Files (x86)\Google\Chrome\Application\83.0.4103.116\chrome.dll
[0627/054216.521:ERROR:process_memory_win.cc(73)] ReadMemory at 0x7ffadff30000 of 64 bytes failed: Only part of a ReadProcessMemory or WriteProcessMemory request was completed. (0x12B)
[0627/054216.521:WARNING:pe_image_reader.cc(340)] could not read dos header from C:\windows\SYSTEM32\UIAutomationCore.DLL
[0627/054216.521:ERROR:process_memory_win.cc(73)] ReadMemory at 0x7ffaf3a20000 of 64 bytes failed: Only part of a ReadProcessMemory or WriteProcessMemory request was completed. (0x12B)
[0627/054216.521:WARNING:pe_image_reader.cc(340)] could not read dos header from C:\windows\SYSTEM32\WINSPOOL.DRV
[0627/054216.522:ERROR:process_memory_win.cc(73)] ReadMemory at 0x7ff7c6090000 of 64 bytes failed: Only part of a ReadProcessMemory or WriteProcessMemory request was completed. (0x12B)
[0627/054216.522:WARNING:pe_image_reader.cc(340)] could not read dos header from C:\Program Files (x86)\Google\Chrome\Application\chrome.exe
[0627/054216.522:ERROR:process_memory_win.cc(73)] ReadMemory at 0x7ffb08090000 of 64 bytes failed: Only part of a ReadProcessMemory or WriteProcessMemory request was completed. (0x12B)
[0627/054216.522:WARNING:pe_image_reader.cc(340)] could not read dos header from C:\Program Files (x86)\Google\Chrome\Application\83.0.4103.116\chrome_elf.dll
[0627/054216.522:ERROR:process_memory_win.cc(73)] ReadMemory at 0x1c6a4830000 of 64 bytes failed: Only part of a ReadProcessMemory or WriteProcessMemory request was completed. (0x12B)
[0627/054216.522:WARNING:pe_image_reader.cc(340)] could not read dos header from C:\windows\System32\ADVAPI32.dll
[0627/054216.523:ERROR:process_memory_win.cc(73)] ReadMemory at 0x74740000 of 64 bytes failed: Only part of a ReadProcessMemory or WriteProcessMemory request was completed. (0x12B)
[0627/054216.523:WARNING:pe_image_reader.cc(340)] could not read dos header from C:\windows\system32\tmumh\20019\TmMon\2.8.0.1041\tmmon64.dll
[0627/054216.523:ERROR:process_memory_win.cc(73)] ReadMemory at 0x7ffaaaa00000 of 64 bytes failed: Only part of a ReadProcessMemory or WriteProcessMemory request was completed. (0x12B)
[0627/054216.523:WARNING:pe_image_reader.cc(340)] could not read dos header from C:\Program Files (x86)\Google\Chrome\Application\83.0.4103.116\chrome.dll
[0627/054216.523:ERROR:process_memory_win.cc(73)] ReadMemory at 0x7ffadff30000 of 64 bytes failed: Only part of a ReadProcessMemory or WriteProcessMemory request was completed. (0x12B)
[0627/054216.523:WARNING:pe_image_reader.cc(340)] could not read dos header from C:\windows\SYSTEM32\UIAutomationCore.DLL
[0627/054216.523:ERROR:process_memory_win.cc(73)] ReadMemory at 0x7ffaf3a20000 of 64 bytes failed: Only part of a ReadProcessMemory or WriteProcessMemory request was completed. (0x12B)
[0627/054216.523:WARNING:pe_image_reader.cc(340)] could not read dos header from C:\windows\SYSTEM32\WINSPOOL.DRV
[0627/054216.541:ERROR:process_memory_win.cc(73)] ReadMemory at 0x89e67f5000 of 45056 bytes failed: Only part of a ReadProcessMemory or WriteProcessMemory request was completed. (0x12B)
[0627/054216.541:ERROR:process_memory_win.cc(73)] ReadMemory at 0x89e6ffe000 of 8192 bytes failed: Only part of a ReadProcessMemory or WriteProcessMemory request was completed. (0x12B)
[0627/054216.541:ERROR:process_memory_win.cc(73)] ReadMemory at 0x89e77fe000 of 8192 bytes failed: Only part of a ReadProcessMemory or WriteProcessMemory request was completed. (0x12B)
[0627/054216.542:ERROR:process_memory_win.cc(73)] ReadMemory at 0x89e7ffd000 of 12288 bytes failed: Only part of a ReadProcessMemory or WriteProcessMemory request was completed. (0x12B)
[0627/054216.542:ERROR:process_memory_win.cc(73)] ReadMemory at 0x89e87fd000 of 12288 bytes failed: Only part of a ReadProcessMemory or WriteProcessMemory request was completed. (0x12B)
[0627/054216.542:ERROR:process_memory_win.cc(73)] ReadMemory at 0x89e8ffc000 of 16384 bytes failed: Only part of a ReadProcessMemory or WriteProcessMemory request was completed. (0x12B)
[0627/054216.542:ERROR:process_memory_win.cc(73)] ReadMemory at 0x89e97fc000 of 16384 bytes failed: Only part of a ReadProcessMemory or WriteProcessMemory request was completed. (0x12B)
[0627/054216.542:ERROR:process_memory_win.cc(73)] ReadMemory at 0x89e9ffe000 of 8192 bytes failed: Only part of a ReadProcessMemory or WriteProcessMemory request was completed. (0x12B)
[0627/054216.542:ERROR:process_memory_win.cc(73)] ReadMemory at 0x89ea7fd000 of 12288 bytes failed: Only part of a ReadProcessMemory or WriteProcessMemory request was completed. (0x12B)
[0627/054216.542:ERROR:process_memory_win.cc(73)] ReadMemory at 0x89eaffc000 of 16384 bytes failed: Only part of a ReadProcessMemory or WriteProcessMemory request was completed. (0x12B)
[0627/054216.542:ERROR:process_memory_win.cc(73)] ReadMemory at 0x89eb7fd000 of 12288 bytes failed: Only part of a ReadProcessMemory or WriteProcessMemory request was completed. (0x12B)
[0627/054216.542:ERROR:process_memory_win.cc(73)] ReadMemory at 0x89ebffd000 of 12288 bytes failed: Only part of a ReadProcessMemory or WriteProcessMemory request was completed. (0x12B)
[0627/054216.542:ERROR:process_memory_win.cc(73)] ReadMemory at 0x89ec7fd000 of 12288 bytes failed: Only part of a ReadProcessMemory or WriteProcessMemory request was completed. (0x12B)
[0627/054216.542:ERROR:process_memory_win.cc(73)] ReadMemory at 0x89ecffd000 of 12288 bytes failed: Only part of a ReadProcessMemory or WriteProcessMemory request was completed. (0x12B)
[0627/054216.543:ERROR:process_memory_win.cc(73)] ReadMemory at 0x89ed7fd000 of 12288 bytes failed: Only part of a ReadProcessMemory or WriteProcessMemory request was completed. (0x12B)
[0627/054216.544:ERROR:process_memory_win.cc(73)] ReadMemory at 0x89edffd000 of 12288 bytes failed: Only part of a ReadProcessMemory or WriteProcessMemory request was completed. (0x12B)
[0627/054216.544:ERROR:process_memory_win.cc(73)] ReadMemory at 0x89e5f09000 of 852 bytes failed: Only part of a ReadProcessMemory or WriteProcessMemory request was completed. (0x12B)
[0627/054216.546:ERROR:process_memory_win.cc(73)] ReadMemory at 0x89e5f0a000 of 6024 bytes failed: Only part of a ReadProcessMemory or WriteProcessMemory request was completed. (0x12B)
[0627/054216.546:ERROR:process_memory_win.cc(73)] ReadMemory at 0x89e5f0c000 of 6024 bytes failed: Only part of a ReadProcessMemory or WriteProcessMemory request was completed. (0x12B)
[0627/054216.546:ERROR:process_memory_win.cc(73)] ReadMemory at 0x89e5f0e000 of 6024 bytes failed: Only part of a ReadProcessMemory or WriteProcessMemory request was completed. (0x12B)
[0627/054216.546:ERROR:process_memory_win.cc(73)] ReadMemory at 0x89e5f10000 of 6024 bytes failed: Only part of a ReadProcessMemory or WriteProcessMemory request was completed. (0x12B)
[0627/054216.546:ERROR:process_memory_win.cc(73)] ReadMemory at 0x89e5f12000 of 6024 bytes failed: Only part of a ReadProcessMemory or WriteProcessMemory request was completed. (0x12B)
[0627/054216.546:ERROR:process_memory_win.cc(73)] ReadMemory at 0x89e5f14000 of 6024 bytes failed: Only part of a ReadProcessMemory or WriteProcessMemory request was completed. (0x12B)
[0627/054216.546:ERROR:process_memory_win.cc(73)] ReadMemory at 0x89e5f16000 of 6024 bytes failed: Only part of a ReadProcessMemory or WriteProcessMemory request was completed. (0x12B)
[0627/054216.547:ERROR:process_memory_win.cc(73)] ReadMemory at 0x89e5f18000 of 6024 bytes failed: Only part of a ReadProcessMemory or WriteProcessMemory request was completed. (0x12B)
[0627/054216.547:ERROR:process_memory_win.cc(73)] ReadMemory at 0x89e5f1a000 of 6024 bytes failed: Only part of a ReadProcessMemory or WriteProcessMemory request was completed. (0x12B)
[0627/054216.547:ERROR:process_memory_win.cc(73)] ReadMemory at 0x89e5f1c000 of 6024 bytes failed: Only part of a ReadProcessMemory or WriteProcessMemory request was completed. (0x12B)
[0627/054216.547:ERROR:process_memory_win.cc(73)] ReadMemory at 0x89e5f1e000 of 6024 bytes failed: Only part of a ReadProcessMemory or WriteProcessMemory request was completed. (0x12B)
[0627/054216.547:ERROR:process_memory_win.cc(73)] ReadMemory at 0x89e5f20000 of 6024 bytes failed: Only part of a ReadProcessMemory or WriteProcessMemory request was completed. (0x12B)
[0627/054216.547:ERROR:process_memory_win.cc(73)] ReadMemory at 0x89e5f22000 of 6024 bytes failed: Only part of a ReadProcessMemory or WriteProcessMemory request was completed. (0x12B)
[0627/054216.547:ERROR:process_memory_win.cc(73)] ReadMemory at 0x89e5f24000 of 6024 bytes failed: Only part of a ReadProcessMemory or WriteProcessMemory request was completed. (0x12B)
[0627/054216.547:ERROR:process_memory_win.cc(73)] ReadMemory at 0x89e5f26000 of 6024 bytes failed: Only part of a ReadProcessMemory or WriteProcessMemory request was completed. (0x12B)
[0627/054216.547:ERROR:process_memory_win.cc(73)] ReadMemory at 0x89e5f28000 of 6024 bytes failed: Only part of a ReadProcessMemory or WriteProcessMemory request was completed. (0x12B)
[0627/054216.547:ERROR:process_memory_win.cc(73)] ReadMemory at 0x1c6a4730fe0 of 6838 bytes failed: Only part of a ReadProcessMemory or WriteProcessMemory request was completed. (0x12B)
[0627/054216.547:ERROR:process_memory_win.cc(73)] ReadMemory at 0x1c6a4732aa0 of 1012 bytes failed: Only part of a ReadProcessMemory or WriteProcessMemory request was completed. (0x12B)
[0627/054216.547:ERROR:process_memory_win.cc(73)] ReadMemory at 0x1c6a47330e8 of 118 bytes failed: Only part of a ReadProcessMemory or WriteProcessMemory request was completed. (0x12B)
[0627/054216.548:ERROR:process_memory_win.cc(73)] ReadMemory at 0x1c6a4733160 of 760 bytes failed: Only part of a ReadProcessMemory or WriteProcessMemory request was completed. (0x12B)
[0627/054216.548:ERROR:process_memory_win.cc(73)] ReadMemory at 0x1c6a473345a of 118 bytes failed: Only part of a ReadProcessMemory or WriteProcessMemory request was completed. (0x12B)
[0627/054216.548:ERROR:process_memory_win.cc(73)] ReadMemory at 0x1c6a47334d2 of 96 bytes failed: Only part of a ReadProcessMemory or WriteProcessMemory request was completed. (0x12B)
[0627/054216.548:ERROR:process_memory_win.cc(73)] ReadMemory at 0x1c6a4733540 of 58 bytes failed: Only part of a ReadProcessMemory or WriteProcessMemory request was completed. (0x12B)
[0627/054216.548:ERROR:process_memory_win.cc(73)] ReadMemory at 0x1c6a4733640 of 132 bytes failed: Only part of a ReadProcessMemory or WriteProcessMemory request was completed. (0x12B)
[0627/054216.548:ERROR:process_memory_win.cc(73)] ReadMemory at 0x1c6a47337d0 of 132 bytes failed: Only part of a ReadProcessMemory or WriteProcessMemory request was completed. (0x12B)
[0627/054216.548:ERROR:process_memory_win.cc(73)] ReadMemory at 0x1c6a4733990 of 126 bytes failed: Only part of a ReadProcessMemory or WriteProcessMemory request was completed. (0x12B)
[0627/054216.548:ERROR:process_memory_win.cc(73)] ReadMemory at 0x1c6a4733d70 of 132 bytes failed: Only part of a ReadProcessMemory or WriteProcessMemory request was completed. (0x12B)
[0627/054216.548:ERROR:process_memory_win.cc(73)] ReadMemory at 0x1c6a4733f00 of 64 bytes failed: Only part of a ReadProcessMemory or WriteProcessMemory request was completed. (0x12B)
[0627/054216.548:ERROR:process_memory_win.cc(73)] ReadMemory at 0x1c6a4733f50 of 132 bytes failed: Only part of a ReadProcessMemory or WriteProcessMemory request was completed. (0x12B)
[0627/054216.548:ERROR:process_memory_win.cc(73)] ReadMemory at 0x1c6a47340c0 of 132 bytes failed: Only part of a ReadProcessMemory or WriteProcessMemory request was completed. (0x12B)
[0627/054216.548:ERROR:process_memory_win.cc(73)] ReadMemory at 0x1c6a4734360 of 132 bytes failed: Only part of a ReadProcessMemory or WriteProcessMemory request was completed. (0x12B)
[0627/054216.548:ERROR:process_memory_win.cc(73)] ReadMemory at 0x1c6a47344f0 of 68 bytes failed: Only part of a ReadProcessMemory or WriteProcessMemory request was completed. (0x12B)
[0627/054216.549:ERROR:process_memory_win.cc(73)] ReadMemory at 0x1c6a47355c0 of 132 bytes failed: Only part of a ReadProcessMemory or WriteProcessMemory request was completed. (0x12B)
[0627/054216.549:ERROR:process_memory_win.cc(73)] ReadMemory at 0x1c6a4735750 of 154 bytes failed: Only part of a ReadProcessMemory or WriteProcessMemory request was completed. (0x12B)
[0627/054216.549:ERROR:process_memory_win.cc(73)] ReadMemory at 0x1c6a4736540 of 62 bytes failed: Only part of a ReadProcessMemory or WriteProcessMemory request was completed. (0x12B)
[0627/054216.549:ERROR:process_memory_win.cc(73)] ReadMemory at 0x1c6a4736590 of 120 bytes failed: Only part of a ReadProcessMemory or WriteProcessMemory request was completed. (0x12B)
[0627/054216.549:ERROR:process_memory_win.cc(73)] ReadMemory at 0x1c6a4736670 of 58 bytes failed: Only part of a ReadProcessMemory or WriteProcessMemory request was completed. (0x12B)
[0627/054216.549:ERROR:process_memory_win.cc(73)] ReadMemory at 0x1c6a4736730 of 132 bytes failed: Only part of a ReadProcessMemory or WriteProcessMemory request was completed. (0x12B)
[0627/054216.549:ERROR:process_memory_win.cc(73)] ReadMemory at 0x1c6a4736860 of 60 bytes failed: Only part of a ReadProcessMemory or WriteProcessMemory request was completed. (0x12B)
[0627/054216.549:ERROR:process_memory_win.cc(73)] ReadMemory at 0x1c6a4736910 of 70 bytes failed: Only part of a ReadProcessMemory or WriteProcessMemory request was completed. (0x12B)
[0627/054216.549:ERROR:process_memory_win.cc(73)] ReadMemory at 0x1c6a47376fc of 512 bytes failed: Only part of a ReadProcessMemory or WriteProcessMemory request was completed. (0x12B)
[0627/054216.549:ERROR:process_memory_win.cc(73)] ReadMemory at 0x1c6a4738480 of 132 bytes failed: Only part of a ReadProcessMemory or WriteProcessMemory request was completed. (0x12B)
[0627/054216.549:ERROR:process_memory_win.cc(73)] ReadMemory at 0x1c6a4738690 of 132 bytes failed: Only part of a ReadProcessMemory or WriteProcessMemory request was completed. (0x12B)
[0627/054216.550:ERROR:process_memory_win.cc(73)] ReadMemory at 0x1c6a4738820 of 60 bytes failed: Only part of a ReadProcessMemory or WriteProcessMemory request was completed. (0x12B)
[0627/054216.550:ERROR:process_memory_win.cc(73)] ReadMemory at 0x1c6a473ae70 of 132 bytes failed: Only part of a ReadProcessMemory or WriteProcessMemory request was completed. (0x12B)
[0627/054216.550:ERROR:process_memory_win.cc(73)] ReadMemory at 0x1c6a473b000 of 60 bytes failed: Only part of a ReadProcessMemory or WriteProcessMemory request was completed. (0x12B)
[0627/054216.550:ERROR:process_memory_win.cc(73)] ReadMemory at 0x1c6a473b130 of 132 bytes failed: Only part of a ReadProcessMemory or WriteProcessMemory request was completed. (0x12B)
[0627/054216.550:ERROR:process_memory_win.cc(73)] ReadMemory at 0x1c6a473b310 of 64 bytes failed: Only part of a ReadProcessMemory or WriteProcessMemory request was completed. (0x12B)
[0627/054216.550:ERROR:process_memory_win.cc(73)] ReadMemory at 0x1c6a473b360 of 58 bytes failed: Only part of a ReadProcessMemory or WriteProcessMemory request was completed. (0x12B)
[0627/054216.550:ERROR:process_memory_win.cc(73)] ReadMemory at 0x1c6a473b3b0 of 60 bytes failed: Only part of a ReadProcessMemory or WriteProcessMemory request was completed. (0x12B)
[0627/054216.550:ERROR:process_memory_win.cc(73)] ReadMemory at 0x1c6a473b4a0 of 64 bytes failed: Only part of a ReadProcessMemory or WriteProcessMemory request was completed. (0x12B)
[0627/054216.550:ERROR:process_memory_win.cc(73)] ReadMemory at 0x1c6a473b4f0 of 62 bytes failed: Only part of a ReadProcessMemory or WriteProcessMemory request was completed. (0x12B)
[0627/054216.550:ERROR:process_memory_win.cc(73)] ReadMemory at 0x1c6a473b5e0 of 66 bytes failed: Only part of a ReadProcessMemory or WriteProcessMemory request was completed. (0x12B)
[0627/054216.550:ERROR:process_memory_win.cc(73)] ReadMemory at 0x1c6a473b630 of 62 bytes failed: Only part of a ReadProcessMemory or WriteProcessMemory request was completed. (0x12B)
[0627/054216.550:ERROR:process_memory_win.cc(73)] ReadMemory at 0x1c6a473b6d0 of 58 bytes failed: Only part of a ReadProcessMemory or WriteProcessMemory request was completed. (0x12B)
[0627/054216.550:ERROR:process_memory_win.cc(73)] ReadMemory at 0x1c6a473b720 of 64 bytes failed: Only part of a ReadProcessMemory or WriteProcessMemory request was completed. (0x12B)
[0627/054216.551:ERROR:process_memory_win.cc(73)] ReadMemory at 0x1c6a473b770 of 66 bytes failed: Only part of a ReadProcessMemory or WriteProcessMemory request was completed. (0x12B)
[0627/054216.551:ERROR:process_memory_win.cc(73)] ReadMemory at 0x1c6a473b7c0 of 60 bytes failed: Only part of a ReadProcessMemory or WriteProcessMemory request was completed. (0x12B)
[0627/054216.551:ERROR:process_memory_win.cc(73)] ReadMemory at 0x1c6a473b810 of 60 bytes failed: Only part of a ReadProcessMemory or WriteProcessMemory request was completed. (0x12B)
[0627/054216.551:ERROR:process_memory_win.cc(73)] ReadMemory at 0x1c6a473b860 of 64 bytes failed: Only part of a ReadProcessMemory or WriteProcessMemory request was completed. (0x12B)
[0627/054216.551:ERROR:process_memory_win.cc(73)] ReadMemory at 0x1c6a473b8b0 of 62 bytes failed: Only part of a ReadProcessMemory or WriteProcessMemory request was completed. (0x12B)
[0627/054216.551:ERROR:process_memory_win.cc(73)] ReadMemory at 0x1c6a473b900 of 62 bytes failed: Only part of a ReadProcessMemory or WriteProcessMemory request was completed. (0x12B)
[0627/054216.551:ERROR:process_memory_win.cc(73)] ReadMemory at 0x1c6a473b950 of 58 bytes failed: Only part of a ReadProcessMemory or WriteProcessMemory request was completed. (0x12B)
[0627/054216.551:ERROR:process_memory_win.cc(73)] ReadMemory at 0x1c6a473b9f0 of 62 bytes failed: Only part of a ReadProcessMemory or WriteProcessMemory request was completed. (0x12B)
[0627/054216.551:ERROR:process_memory_win.cc(73)] ReadMemory at 0x1c6a473ba40 of 62 bytes failed: Only part of a ReadProcessMemory or WriteProcessMemory request was completed. (0x12B)
[0627/054216.551:ERROR:process_memory_win.cc(73)] ReadMemory at 0x1c6a473c0b0 of 132 bytes failed: Only part of a ReadProcessMemory or WriteProcessMemory request was completed. (0x12B)
[0627/054216.551:ERROR:process_memory_win.cc(73)] ReadMemory at 0x1c6a473c3b0 of 80 bytes failed: Only part of a ReadProcessMemory or WriteProcessMemory request was completed. (0x12B)
[0627/054216.551:ERROR:process_memory_win.cc(73)] ReadMemory at 0x1c6a473c470 of 76 bytes failed: Only part of a ReadProcessMemory or WriteProcessMemory request was completed. (0x12B)
[0627/054216.551:ERROR:process_memory_win.cc(73)] ReadMemory at 0x1c6a473c530 of 78 bytes failed: Only part of a ReadProcessMemory or WriteProcessMemory request was completed. (0x12B)
[0627/054216.552:ERROR:process_memory_win.cc(73)] ReadMemory at 0x1c6a473cb70 of 146 bytes failed: Only part of a ReadProcessMemory or WriteProcessMemory request was completed. (0x12B)
[0627/054216.552:ERROR:process_memory_win.cc(73)] ReadMemory at 0x1c6a473cc60 of 132 bytes failed: Only part of a ReadProcessMemory or WriteProcessMemory request was completed. (0x12B)
[0627/054216.552:ERROR:process_memory_win.cc(73)] ReadMemory at 0x1c6a473cfb0 of 132 bytes failed: Only part of a ReadProcessMemory or WriteProcessMemory request was completed. (0x12B)
[0627/054216.552:ERROR:process_memory_win.cc(73)] ReadMemory at 0x1c6a473d0e0 of 126 bytes failed: Only part of a ReadProcessMemory or WriteProcessMemory request was completed. (0x12B)
[0627/054216.552:ERROR:process_memory_win.cc(73)] ReadMemory at 0x1c6a473d710 of 132 bytes failed: Only part of a ReadProcessMemory or WriteProcessMemory request was completed. (0x12B)
[0627/054216.552:ERROR:process_memory_win.cc(73)] ReadMemory at 0x1c6a473da60 of 132 bytes failed: Only part of a ReadProcessMemory or WriteProcessMemory request was completed. (0x12B)
[0627/054216.552:ERROR:process_memory_win.cc(73)] ReadMemory at 0x1c6a473ddc0 of 132 bytes failed: Only part of a ReadProcessMemory or WriteProcessMemory request was completed. (0x12B)
[0627/054216.552:ERROR:process_memory_win.cc(73)] ReadMemory at 0x1c6a473def0 of 132 bytes failed: Only part of a ReadProcessMemory or WriteProcessMemory request was completed. (0x12B)
[0627/054216.552:ERROR:process_memory_win.cc(73)] ReadMemory at 0x1c6a473e020 of 132 bytes failed: Only part of a ReadProcessMemory or WriteProcessMemory request was completed. (0x12B)
[0627/054216.552:ERROR:process_memory_win.cc(73)] ReadMemory at 0x1c6a473e150 of 132 bytes failed: Only part of a ReadProcessMemory or WriteProcessMemory request was completed. (0x12B)
[0627/054216.552:ERROR:process_memory_win.cc(73)] ReadMemory at 0x1c6a473e280 of 132 bytes failed: Only part of a ReadProcessMemory or WriteProcessMemory request was completed. (0x12B)
[0627/054216.552:ERROR:process_memory_win.cc(73)] ReadMemory at 0x1c6a473e3b0 of 132 bytes failed: Only part of a ReadProcessMemory or WriteProcessMemory request was completed. (0x12B)
[0627/054216.552:ERROR:process_memory_win.cc(73)] ReadMemory at 0x1c6a473e4e0 of 132 bytes failed: Only part of a ReadProcessMemory or WriteProcessMemory request was completed. (0x12B)
[0627/054216.552:ERROR:process_memory_win.cc(73)] ReadMemory at 0x1c6a473e610 of 132 bytes failed: Only part of a ReadProcessMemory or WriteProcessMemory request was completed. (0x12B)
[0627/054216.552:ERROR:process_memory_win.cc(73)] ReadMemory at 0x1c6a473e740 of 132 bytes failed: Only part of a ReadProcessMemory or WriteProcessMemory request was completed. (0x12B)
[0627/054216.553:ERROR:process_memory_win.cc(73)] ReadMemory at 0x1c6a473e870 of 132 bytes failed: Only part of a ReadProcessMemory or WriteProcessMemory request was completed. (0x12B)
[0627/054216.553:ERROR:process_memory_win.cc(73)] ReadMemory at 0x1c6a473e9a0 of 132 bytes failed: Only part of a ReadProcessMemory or WriteProcessMemory request was completed. (0x12B)
[0627/054216.553:ERROR:process_memory_win.cc(73)] ReadMemory at 0x1c6a473ead0 of 132 bytes failed: Only part of a ReadProcessMemory or WriteProcessMemory request was completed. (0x12B)
[0627/054216.553:ERROR:process_memory_win.cc(73)] ReadMemory at 0x1c6a473ec00 of 132 bytes failed: Only part of a ReadProcessMemory or WriteProcessMemory request was completed. (0x12B)
[0627/054216.553:ERROR:process_memory_win.cc(73)] ReadMemory at 0x1c6a4743200 of 132 bytes failed: Only part of a ReadProcessMemory or WriteProcessMemory request was completed. (0x12B)
[0627/054216.553:ERROR:process_memory_win.cc(73)] ReadMemory at 0x1c6a4743330 of 132 bytes failed: Only part of a ReadProcessMemory or WriteProcessMemory request was completed. (0x12B)
[0627/054216.553:ERROR:process_memory_win.cc(73)] ReadMemory at 0x1c6a4743460 of 132 bytes failed: Only part of a ReadProcessMemory or WriteProcessMemory request was completed. (0x12B)
[0627/054216.553:ERROR:process_memory_win.cc(73)] ReadMemory at 0x1c6a4743590 of 132 bytes failed: Only part of a ReadProcessMemory or WriteProcessMemory request was completed. (0x12B)
[0627/054216.553:ERROR:process_memory_win.cc(73)] ReadMemory at 0x1c6a47436c0 of 132 bytes failed: Only part of a ReadProcessMemory or WriteProcessMemory request was completed. (0x12B)
[0627/054216.553:ERROR:process_memory_win.cc(73)] ReadMemory at 0x1c6a4743920 of 132 bytes failed: Only part of a ReadProcessMemory or WriteProcessMemory request was completed. (0x12B)
[0627/054216.553:ERROR:process_memory_win.cc(73)] ReadMemory at 0x1c6a4743a50 of 132 bytes failed: Only part of a ReadProcessMemory or WriteProcessMemory request was completed. (0x12B)
[0627/054216.553:ERROR:process_memory_win.cc(73)] ReadMemory at 0x1c6a4743de0 of 132 bytes failed: Only part of a ReadProcessMemory or WriteProcessMemory request was completed. (0x12B)
[0627/054216.553:ERROR:process_memory_win.cc(73)] ReadMemory at 0x1c6a4743f10 of 132 bytes failed: Only part of a ReadProcessMemory or WriteProcessMemory request was completed. (0x12B)
[0627/054216.553:ERROR:process_memory_win.cc(73)] ReadMemory at 0x1c6a4744040 of 132 bytes failed: Only part of a ReadProcessMemory or WriteProcessMemory request was completed. (0x12B)
[0627/054216.553:ERROR:process_memory_win.cc(73)] ReadMemory at 0x1c6a47442a0 of 132 bytes failed: Only part of a ReadProcessMemory or WriteProcessMemory request was completed. (0x12B)
[0627/054216.554:ERROR:process_memory_win.cc(73)] ReadMemory at 0x1c6a47443d0 of 132 bytes failed: Only part of a ReadProcessMemory or WriteProcessMemory request was completed. (0x12B)
[0627/054216.554:ERROR:process_memory_win.cc(73)] ReadMemory at 0x1c6a4744500 of 132 bytes failed: Only part of a ReadProcessMemory or WriteProcessMemory request was completed. (0x12B)
[0627/054216.554:ERROR:process_memory_win.cc(73)] ReadMemory at 0x1c6a4744630 of 132 bytes failed: Only part of a ReadProcessMemory or WriteProcessMemory request was completed. (0x12B)
[0627/054216.554:ERROR:process_memory_win.cc(73)] ReadMemory at 0x1c6a4744760 of 132 bytes failed: Only part of a ReadProcessMemory or WriteProcessMemory request was completed. (0x12B)
[0627/054216.554:ERROR:process_memory_win.cc(73)] ReadMemory at 0x1c6a4744890 of 132 bytes failed: Only part of a ReadProcessMemory or WriteProcessMemory request was completed. (0x12B)
[0627/054216.554:ERROR:process_memory_win.cc(73)] ReadMemory at 0x1c6a47449c0 of 132 bytes failed: Only part of a ReadProcessMemory or WriteProcessMemory request was completed. (0x12B)
[0627/054216.554:ERROR:process_memory_win.cc(73)] ReadMemory at 0x1c6a4744af0 of 132 bytes failed: Only part of a ReadProcessMemory or WriteProcessMemory request was completed. (0x12B)
[0627/054216.554:ERROR:process_memory_win.cc(73)] ReadMemory at 0x1c6a4744c20 of 132 bytes failed: Only part of a ReadProcessMemory or WriteProcessMemory request was completed. (0x12B)
[0627/054216.554:ERROR:process_memory_win.cc(73)] ReadMemory at 0x1c6a4744d50 of 132 bytes failed: Only part of a ReadProcessMemory or WriteProcessMemory request was completed. (0x12B)
[0627/054216.554:ERROR:process_memory_win.cc(73)] ReadMemory at 0x1c6a4744e80 of 132 bytes failed: Only part of a ReadProcessMemory or WriteProcessMemory request was completed. (0x12B)
[0627/054216.554:ERROR:process_memory_win.cc(73)] ReadMemory at 0x1c6a4744fb0 of 132 bytes failed: Only part of a ReadProcessMemory or WriteProcessMemory request was completed. (0x12B)
[0627/054216.554:ERROR:process_memory_win.cc(73)] ReadMemory at 0x1c6a4747ed0 of 58 bytes failed: Only part of a ReadProcessMemory or WriteProcessMemory request was completed. (0x12B)
[0627/054216.554:ERROR:process_memory_win.cc(73)] ReadMemory at 0x1c6a474d800 of 54 bytes failed: Only part of a ReadProcessMemory or WriteProcessMemory request was completed. (0x12B)
[0627/054216.555:ERROR:process_memory_win.cc(73)] ReadMemory at 0x1c6a47bd600 of 62 bytes failed: Only part of a ReadProcessMemory or WriteProcessMemory request was completed. (0x12B)
[0627/054216.555:ERROR:process_memory_win.cc(73)] ReadMemory at 0x1c6a47bd650 of 60 bytes failed: Only part of a ReadProcessMemory or WriteProcessMemory request was completed. (0x12B)
[0627/054216.555:ERROR:process_memory_win.cc(73)] ReadMemory at 0x1c6a47bd6f0 of 64 bytes failed: Only part of a ReadProcessMemory or WriteProcessMemory request was completed. (0x12B)
[0627/054216.555:ERROR:process_memory_win.cc(73)] ReadMemory at 0x1c6a47bd740 of 58 bytes failed: Only part of a ReadProcessMemory or WriteProcessMemory request was completed. (0x12B)
[0627/054216.555:ERROR:process_memory_win.cc(73)] ReadMemory at 0x1c6a47bd790 of 64 bytes failed: Only part of a ReadProcessMemory or WriteProcessMemory request was completed. (0x12B)
[0627/054216.555:ERROR:process_memory_win.cc(73)] ReadMemory at 0x1c6a47bd9f8 of 512 bytes failed: Only part of a ReadProcessMemory or WriteProcessMemory request was completed. (0x12B)
[0627/054216.555:ERROR:process_memory_win.cc(73)] ReadMemory at 0x1c6a47bdc90 of 64 bytes failed: Only part of a ReadProcessMemory or WriteProcessMemory request was completed. (0x12B)
[0627/054216.555:ERROR:process_memory_win.cc(73)] ReadMemory at 0x1c6a47be2d0 of 60 bytes failed: Only part of a ReadProcessMemory or WriteProcessMemory request was completed. (0x12B)
[0627/054216.555:ERROR:process_memory_win.cc(73)] ReadMemory at 0x1c6a47be3b0 of 512 bytes failed: Only part of a ReadProcessMemory or WriteProcessMemory request was completed. (0x12B)
[0627/054216.555:ERROR:process_memory_win.cc(73)] ReadMemory at 0x1c6a47be700 of 512 bytes failed: Only part of a ReadProcessMemory or WriteProcessMemory request was completed. (0x12B)
[0627/054216.555:ERROR:process_memory_win.cc(73)] ReadMemory at 0x1c6a47cb0f0 of 512 bytes failed: Only part of a ReadProcessMemory or WriteProcessMemory request was completed. (0x12B)
[0627/054216.555:ERROR:process_memory_win.cc(73)] ReadMemory at 0x1c6a47cb470 of 512 bytes failed: Only part of a ReadProcessMemory or WriteProcessMemory request was completed. (0x12B)
[0627/054216.555:ERROR:process_memory_win.cc(73)] ReadMemory at 0x1c6a47cdc90 of 80 bytes failed: Only part of a ReadProcessMemory or WriteProcessMemory request was completed. (0x12B)
[0627/054216.555:ERROR:process_memory_win.cc(73)] ReadMemory at 0x1c6a47d05d0 of 132 bytes failed: Only part of a ReadProcessMemory or WriteProcessMemory request was completed. (0x12B)
[0627/054216.556:ERROR:process_memory_win.cc(73)] ReadMemory at 0x1c6a47d11b0 of 132 bytes failed: Only part of a ReadProcessMemory or WriteProcessMemory request was completed. (0x12B)
[0627/054216.556:ERROR:process_memory_win.cc(73)] ReadMemory at 0x1c6a47d1410 of 132 bytes failed: Only part of a ReadProcessMemory or WriteProcessMemory request was completed. (0x12B)
[0627/054216.556:ERROR:process_memory_win.cc(73)] ReadMemory at 0x1c6a47d1ff0 of 62 bytes failed: Only part of a ReadProcessMemory or WriteProcessMemory request was completed. (0x12B)
[0627/054216.556:ERROR:process_memory_win.cc(73)] ReadMemory at 0x1c6a47d24f0 of 66 bytes failed: Only part of a ReadProcessMemory or WriteProcessMemory request was completed. (0x12B)
[0627/054216.556:ERROR:process_memory_win.cc(73)] ReadMemory at 0x1c6a47d2540 of 62 bytes failed: Only part of a ReadProcessMemory or WriteProcessMemory request was completed. (0x12B)
[0627/054216.556:ERROR:process_memory_win.cc(73)] ReadMemory at 0x1c6a47d25e0 of 62 bytes failed: Only part of a ReadProcessMemory or WriteProcessMemory request was completed. (0x12B)
[0627/054216.556:ERROR:process_memory_win.cc(73)] ReadMemory at 0x1c6a47d2c20 of 64 bytes failed: Only part of a ReadProcessMemory or WriteProcessMemory request was completed. (0x12B)
[0627/054216.556:ERROR:process_memory_win.cc(73)] ReadMemory at 0x1c6a47d2ef0 of 62 bytes failed: Only part of a ReadProcessMemory or WriteProcessMemory request was completed. (0x12B)
[0627/054216.556:ERROR:process_memory_win.cc(73)] ReadMemory at 0x1c6a47e02c0 of 512 bytes failed: Only part of a ReadProcessMemory or WriteProcessMemory request was completed. (0x12B)
[0627/054216.556:ERROR:process_memory_win.cc(73)] ReadMemory at 0x1c6a47e14f0 of 512 bytes failed: Only part of a ReadProcessMemory or WriteProcessMemory request was completed. (0x12B)
[0627/054216.556:ERROR:process_memory_win.cc(73)] ReadMemory at 0x1c6a49f0d00 of 1280 bytes failed: Only part of a ReadProcessMemory or WriteProcessMemory request was completed. (0x12B)
[0627/054216.556:ERROR:process_memory_win.cc(73)] ReadMemory at 0x1c6a5cb0000 of 384 bytes failed: Only part of a ReadProcessMemory or WriteProcessMemory request was completed. (0x12B)
[0627/054216.556:ERROR:process_memory_win.cc(73)] ReadMemory at 0x1c6a5cf31b0 of 512 bytes failed: Only part of a ReadProcessMemory or WriteProcessMemory request was completed. (0x12B)
[0627/054216.557:ERROR:process_memory_win.cc(73)] ReadMemory at 0x1c6a5d00f50 of 512 bytes failed: Only part of a ReadProcessMemory or WriteProcessMemory request was completed. (0x12B)
[0627/054216.557:ERROR:process_memory_win.cc(73)] ReadMemory at 0x1c6a5d03150 of 712 bytes failed: Only part of a ReadProcessMemory or WriteProcessMemory request was completed. (0x12B)
[0627/054216.557:ERROR:process_memory_win.cc(73)] ReadMemory at 0x1c6a5d057b0 of 512 bytes failed: Only part of a ReadProcessMemory or WriteProcessMemory request was completed. (0x12B)
[0627/054216.557:ERROR:process_memory_win.cc(73)] ReadMemory at 0x1c6a5d1ad90 of 512 bytes failed: Only part of a ReadProcessMemory or WriteProcessMemory request was completed. (0x12B)
[0627/054216.557:ERROR:process_memory_win.cc(73)] ReadMemory at 0x1c6a5d5eaf8 of 512 bytes failed: Only part of a ReadProcessMemory or WriteProcessMemory request was completed. (0x12B)
[0627/054216.557:ERROR:process_memory_win.cc(73)] ReadMemory at 0x1c6a7300000 of 384 bytes failed: Only part of a ReadProcessMemory or WriteProcessMemory request was completed. (0x12B)
[0627/054216.557:ERROR:process_memory_win.cc(73)] ReadMemory at 0x1c6a73007b0 of 512 bytes failed: Only part of a ReadProcessMemory or WriteProcessMemory request was completed. (0x12B)
[0627/054216.557:ERROR:process_memory_win.cc(73)] ReadMemory at 0x1c6a74db760 of 512 bytes failed: Only part of a ReadProcessMemory or WriteProcessMemory request was completed. (0x12B)
[0627/054216.557:ERROR:process_memory_win.cc(73)] ReadMemory at 0x1c6a74f6910 of 512 bytes failed: Only part of a ReadProcessMemory or WriteProcessMemory request was completed. (0x12B)
[0627/054216.557:ERROR:process_memory_win.cc(73)] ReadMemory at 0x7ffaad188cfc of 512 bytes failed: Only part of a ReadProcessMemory or WriteProcessMemory request was completed. (0x12B)
[0627/054216.557:ERROR:process_memory_win.cc(73)] ReadMemory at 0x7ffaad90074e of 553 bytes failed: Only part of a ReadProcessMemory or WriteProcessMemory request was completed. (0x12B)
[0627/054216.778:ERROR:scoped_process_suspend.cc(40)] NtResumeProcess: An attempt was made to access an exiting process. (0xc000010a)
